1761986449.3812993 FROM ::1:51880 CLIENT=<__main__.Client object at 0x00000201BC262A50>: 'cmd'
1761986449.3816092 FROM ::1:51880 CLIENT=<__main__.Client object at 0x00000201BC262A50>: 'game'
1761986449.381857 FROM ::1:51880 CLIENT=<__main__.Client object at 0x00000201BC262A50>: 'name'
1761986449.3820746 FROM ::1:51880 CLIENT=<__main__.Client object at 0x00000201BC262A50>: 'version'
1761986449.3822849 FROM ::1:51880 CLIENT=<__main__.Client object at 0x00000201BC262A50>: 'password'
1761987274.6554544 FROM ::1:59572 CLIENT=<__main__.Client object at 0x000001F56BD4AA50>: 'cmd'
1761987275.0147996 FROM ::1:59572 CLIENT=<__main__.Client object at 0x000001F56BD4AA50>: 'game'
1761987275.0151339 FROM ::1:59572 CLIENT=<__main__.Client object at 0x000001F56BD4AA50>: 'name'
1761987275.01544 FROM ::1:59572 CLIENT=<__main__.Client object at 0x000001F56BD4AA50>: 'version'
1761987275.015704 FROM ::1:59572 CLIENT=<__main__.Client object at 0x000001F56BD4AA50>: 'password'
1761987446.2334373 FROM ::1:64612 CLIENT=<__main__.Client object at 0x0000020A8100AA50>: 'cmd'
1761987446.2337444 FROM ::1:64612 CLIENT=<__main__.Client object at 0x0000020A8100AA50>: 'game'
1761987446.233967 FROM ::1:64612 CLIENT=<__main__.Client object at 0x0000020A8100AA50>: 'name'
1761987446.2341952 FROM ::1:64612 CLIENT=<__main__.Client object at 0x0000020A8100AA50>: 'version'
1761987446.234413 FROM ::1:64612 CLIENT=<__main__.Client object at 0x0000020A8100AA50>: 'password'
1761987589.6298213 FROM ::1:50340 CLIENT=<__main__.Client object at 0x0000020968626A50>: 'cmd'
1761987589.6301007 FROM ::1:50340 CLIENT=<__main__.Client object at 0x0000020968626A50>: 'game'
1761987589.6303172 FROM ::1:50340 CLIENT=<__main__.Client object at 0x0000020968626A50>: 'name'
1761987589.630537 FROM ::1:50340 CLIENT=<__main__.Client object at 0x0000020968626A50>: 'version'
1761987589.630746 FROM ::1:50340 CLIENT=<__main__.Client object at 0x0000020968626A50>: 'password'
1761987685.6775315 FROM ::1:58277 CLIENT=<__main__.Client object at 0x000001FE0A53AA50>: 'cmd'
1761987685.6778321 FROM ::1:58277 CLIENT=<__main__.Client object at 0x000001FE0A53AA50>: 'game'
1761987685.6780803 FROM ::1:58277 CLIENT=<__main__.Client object at 0x000001FE0A53AA50>: 'name'
1761987685.6782944 FROM ::1:58277 CLIENT=<__main__.Client object at 0x000001FE0A53AA50>: 'version'
1761987685.6785028 FROM ::1:58277 CLIENT=<__main__.Client object at 0x000001FE0A53AA50>: 'password'
1761987967.112363 FROM ::1:58516 CLIENT=<__main__.Client object at 0x000002DD8D766A50>: 'cmd'
1761987967.1126704 FROM ::1:58516 CLIENT=<__main__.Client object at 0x000002DD8D766A50>: 'game'
1761987967.1129026 FROM ::1:58516 CLIENT=<__main__.Client object at 0x000002DD8D766A50>: 'name'
1761987967.1131594 FROM ::1:58516 CLIENT=<__main__.Client object at 0x000002DD8D766A50>: 'version'
1761987967.1134129 FROM ::1:58516 CLIENT=<__main__.Client object at 0x000002DD8D766A50>: 'password'
1761988467.19288 FROM ::1:59544 CLIENT=<__main__.Client object at 0x00000254D8D92A50>: 'cmd'
1761988467.1932456 FROM ::1:59544 CLIENT=<__main__.Client object at 0x00000254D8D92A50>: 'game'
1761988467.1934812 FROM ::1:59544 CLIENT=<__main__.Client object at 0x00000254D8D92A50>: 'name'
1761988467.193724 FROM ::1:59544 CLIENT=<__main__.Client object at 0x00000254D8D92A50>: 'version'
1761988467.1939652 FROM ::1:59544 CLIENT=<__main__.Client object at 0x00000254D8D92A50>: 'password'
1761988866.1454623 FROM ::1:53281 CLIENT=<__main__.Client object at 0x0000028B1BFD2A50>: 'cmd'
1761988866.1458485 FROM ::1:53281 CLIENT=<__main__.Client object at 0x0000028B1BFD2A50>: 'game'
1761988866.1461365 FROM ::1:53281 CLIENT=<__main__.Client object at 0x0000028B1BFD2A50>: 'name'
1761988866.146382 FROM ::1:53281 CLIENT=<__main__.Client object at 0x0000028B1BFD2A50>: 'version'
1761988866.1466246 FROM ::1:53281 CLIENT=<__main__.Client object at 0x0000028B1BFD2A50>: 'password'
1761990081.7175722 FROM ::1:61665 CLIENT=<__main__.Client object at 0x0000023D75B92A50>: 'cmd'
1761990081.717914 FROM ::1:61665 CLIENT=<__main__.Client object at 0x0000023D75B92A50>: 'game'
1761990081.7182431 FROM ::1:61665 CLIENT=<__main__.Client object at 0x0000023D75B92A50>: 'name'
1761990081.7184968 FROM ::1:61665 CLIENT=<__main__.Client object at 0x0000023D75B92A50>: 'version'
1761990081.7187471 FROM ::1:61665 CLIENT=<__main__.Client object at 0x0000023D75B92A50>: 'password'
